2025-10-31 11:49:56 - Requisição recebida: GET
GET Action: approved
GET Action: rejected
SQL Pending: SELECT e.* FROM eventos e 
            LEFT JOIN aprovacao_eventos ae ON e.ID = ae.id_evento 
            WHERE ae.id IS NULL
Erro: Unknown column 'ae.status_evento' in 'where clause'
Erro: Unknown column 'ae.status_evento' in 'where clause'
Eventos pendentes encontrados: 22
2025-10-31 11:49:57 - Requisição recebida: GET
2025-10-31 11:49:57 - Requisição recebida: GET
GET Action: pending
SQL Pending: SELECT e.* FROM eventos e 
            LEFT JOIN aprovacao_eventos ae ON e.ID = ae.id_evento 
            WHERE ae.id IS NULL
GET Action: approved
Eventos pendentes encontrados: 22
Erro: Unknown column 'ae.status_evento' in 'where clause'
Erro: Unknown column 'ae.status_evento' in 'where clause'
2025-10-31 11:49:57 - Requisição recebida: POST
POST Action: approve - Input: {"action":"approve"}
HandlePost - Action: approve, EventID: 0
2025-10-31 11:50:07 - Requisição recebida: POST
POST Action: approve - Input: {"action":"approve"}
HandlePost - Action: approve, EventID: 0
2025-10-31 11:50:11 - Requisição recebida: POST
POST Action: approve - Input: {"action":"approve"}
HandlePost - Action: approve, EventID: 0
2025-10-31 18:55:35 - Requisição recebida: GET
2025-10-31 18:55:35 - Requisição recebida: GET
2025-10-31 18:55:35 - Requisição recebida: GET
GET Action: approved
Erro: Unknown column 'ae.status_evento' in 'where clause'
GET Action: rejected
GET Action: pending
SQL Pending: SELECT e.* FROM eventos e 
            LEFT JOIN aprovacao_eventos ae ON e.ID = ae.id_evento 
            WHERE ae.id IS NULL
Erro: Unknown column 'ae.status_evento' in 'where clause'
Eventos pendentes encontrados: 23
2025-10-31 18:55:46 - Requisição recebida: POST
POST Action: approve - Input: {"action":"approve"}
HandlePost - Action: approve, EventID: 0
2025-10-31 18:55:53 - Requisição recebida: GET
GET Action: details
2025-10-31 18:55:53 - Requisição recebida: GET
GET Action: details
2025-10-31 18:55:53 - Requisição recebida: GET
GET Action: details
2025-10-31 18:55:54 - Requisição recebida: GET
GET Action: details
2025-10-31 18:55:54 - Requisição recebida: GET
GET Action: details
2025-10-31 18:55:54 - Requisição recebida: GET
GET Action: details
2025-10-31 18:57:27 - Requisição recebida: GET
GET Action: details
2025-10-31 18:57:28 - Requisição recebida: GET
GET Action: details
2025-10-31 18:57:28 - Requisição recebida: GET
GET Action: details
2025-10-31 18:57:28 - Requisição recebida: GET
GET Action: details
2025-10-31 18:57:29 - Requisição recebida: GET
GET Action: details
2025-10-31 18:57:29 - Requisição recebida: GET
GET Action: details
2025-10-31 19:03:13 - Requisição recebida: GET
2025-10-31 19:03:13 - Requisição recebida: GET
GET Action: pending
SQL Pending: SELECT e.* FROM eventos e 
            LEFT JOIN aprovacao_eventos ae ON e.ID = ae.id_evento 
            WHERE ae.id IS NULL
GET Action: approved
GET Action: rejected
Erro: Unknown column 'ae.status_evento' in 'where clause'
Eventos pendentes encontrados: 23
2025-10-31 19:03:15 - Requisição recebida: POST
POST Action: approve - Input: {"action":"approve"}
HandlePost - Action: approve, EventID: 0
2025-10-31 19:03:17 - Requisição recebida: GET
GET Action: details
2025-10-31 19:03:18 - Requisição recebida: GET
GET Action: details
2025-10-31 19:10:02 - Requisição recebida: GET
2025-10-31 19:10:02 - Requisição recebida: GET
GET Action: pending
GET Action: approved
SQL Pending: SELECT e.* FROM eventos e 
            LEFT JOIN aprovacao_eventos ae ON e.ID = ae.id_evento 
            WHERE ae.id IS NULL
GET Action: rejected
Erro: Unknown column 'ae.s' in 'where clause'
Eventos pendentes encontrados: 23
2025-10-31 19:10:04 - Requisição recebida: POST
POST Action: approve - Input: {"action":"approve"}
HandlePost - Action: approve, EventID: 0
2025-10-31 19:10:05 - Requisição recebida: GET
GET Action: details
2025-10-31 19:10:07 - Requisição recebida: GET
GET Action: details
2025-10-31 19:10:55 - Requisição recebida: GET
2025-10-31 19:10:55 - Requisição recebida: GET
2025-10-31 19:10:55 - Requisição recebida: GET
GET Action: pending
GET Action: rejected
SQL Pending: SELECT e.* FROM eventos e 
            LEFT JOIN aprovacao_eventos ae ON e.ID = ae.id_evento 
            WHERE ae.id IS NULL
Eventos pendentes encontrados: 23
GET Action: approved
2025-10-31 19:10:57 - Requisição recebida: POST
POST Action: approve - Input: {"action":"approve"}
HandlePost - Action: approve, EventID: 0
2025-10-31 19:10:59 - Requisição recebida: GET
GET Action: details
2025-10-31 19:10:59 - Requisição recebida: GET
GET Action: details
2025-10-31 19:11:00 - Requisição recebida: GET
GET Action: details
2025-10-31 19:11:00 - Requisição recebida: GET
GET Action: details
2025-10-31 19:11:14 - Requisição recebida: GET
2025-10-31 19:11:14 - Requisição recebida: GET
GET Action: approved
GET Action: pending
SQL Pending: SELECT e.* FROM eventos e 
            LEFT JOIN aprovacao_eventos ae ON e.ID = ae.id_evento 
            WHERE ae.id IS NULL
Eventos pendentes encontrados: 23
GET Action: rejected
2025-10-31 19:11:18 - Requisição recebida: GET
GET Action: details
2025-10-31 19:11:21 - Requisição recebida: GET
2025-10-31 19:11:21 - Requisição recebida: GET
GET Action: pending
GET Action: rejected
SQL Pending: SELECT e.* FROM eventos e 
            LEFT JOIN aprovacao_eventos ae ON e.ID = ae.id_evento 
            WHERE ae.id IS NULL
GET Action: approved
Eventos pendentes encontrados: 23
2025-10-31 19:13:30 - Requisição recebida: GET
GET Action: details
2025-10-31 19:13:44 - Requisição recebida: POST
POST Action: approve - Input: {"action":"approve"}
HandlePost - Action: approve, EventID: 0
2025-10-31 19:15:36 - Requisição recebida: GET
2025-10-31 19:15:36 - Requisição recebida: GET
2025-10-31 19:15:36 - Requisição recebida: GET
GET Action: rejected
SQL Pending: SELECT e.* FROM eventos e 
            LEFT JOIN aprovacao_eventos ae ON e.ID = ae.id_evento 
            WHERE ae.id IS NULL
Eventos pendentes encontrados: 23
2025-10-31 19:15:39 - Requisição recebida: GET
GET Action: details
2025-10-31 19:18:08 - Requisição recebida: GET
2025-10-31 19:18:08 - Requisição recebida: GET
GET Action: approved
GET Action: rejected
GET Action: pending
SQL Pending: SELECT e.* FROM eventos e 
            LEFT JOIN aprovacao_eventos ae ON e.ID = ae.id_evento 
            WHERE ae.id IS NULL
Eventos pendentes encontrados: 23
2025-10-31 19:18:11 - Requisição recebida: GET
GET Action: details
2025-10-31 19:20:56 - Requisição recebida: GET
2025-10-31 19:20:56 - Requisição recebida: GET
GET Action: approved
GET Action: pending
SQL Pending: SELECT e.* FROM eventos e 
            LEFT JOIN aprovacao_eventos ae ON e.ID = ae.id_evento 
            WHERE ae.id IS NULL
Eventos pendentes encontrados: 23
GET Action: rejected
2025-10-31 19:20:58 - Requisição recebida: GET
GET Action: details
2025-10-31 19:21:03 - Requisição recebida: GET
GET Action: details
2025-10-31 19:21:05 - Requisição recebida: GET
GET Action: details
2025-10-31 19:21:59 - Requisição recebida: GET
2025-10-31 19:21:59 - Requisição recebida: GET
2025-10-31 19:21:59 - Requisição recebida: GET
GET Action: approved
GET Action: pending

SQL Pending: SELECT e.* FROM eventos e 
            LEFT JOIN aprovacao_eventos ae ON e.ID = ae.id_evento 
            WHERE ae.id IS NULL
Eventos pendentes encontrados: 23
2025-10-31 19:22:01 - Requisição recebida: GET
GET Action: details
2025-10-31 19:22:14 - Requisição recebida: GET
2025-10-31 19:22:14 - Requisição recebida: GET
2025-10-31 19:22:14 - Requisição recebida: GET
GET Action: rejected
GET Action: pending
GET Action: approved
SQL Pending: SELECT e.* FROM eventos e 
            LEFT JOIN aprovacao_eventos ae ON e.ID = ae.id_evento 
            WHERE ae.id IS NULL
Eventos pendentes encontrados: 23
2025-10-31 19:22:17 - Requisição recebida: GET
GET Action: details
2025-10-31 19:22:25 - Requisição recebida: POST
POST Action: reject - Input: {"action":"reject","eventId":25,"reason":"teste"}
HandlePost - Action: reject, EventID: 25
Tentando rejeitar evento ID: 25 com motivo: teste
Atualizando rejeição para evento: 25
2025-10-31 19:24:14 - Requisição recebida: GET
GET Action: pending
SQL Pending: SELECT e.* FROM eventos e 
            LEFT JOIN aprovacao_eventos ae ON e.ID = ae.id_evento 
            WHERE ae.id IS NULL
2025-10-31 19:24:14 - Requisição recebida: GET
2025-10-31 19:24:14 - Requisição recebida: GET
Eventos pendentes encontrados: 23
GET Action: rejected
2025-10-31 19:24:16 - Requisição recebida: GET
GET Action: details
2025-10-31 19:24:21 - Requisição recebida: POST
POST Action: reject - Input: {"action":"reject","eventId":25,"reason":"teste3"}
HandlePost - Action: reject, EventID: 25
Tentando rejeitar evento ID: 25 com motivo: teste3
Atualizando rejeição para evento: 25
2025-10-31 19:27:24 - Requisição recebida: GET
2025-10-31 19:27:24 - Requisição recebida: GET
2025-10-31 19:27:24 - Requisição recebida: GET
GET Action: approved
GET Action: rejected
GET Action: pending
SQL Pending: SELECT e.* FROM eventos e 
            LEFT JOIN aprovacao_eventos ae ON e.ID = ae.id_evento 
            WHERE ae.id IS NULL
Eventos pendentes encontrados: 23
2025-10-31 19:27:26 - Requisição recebida: GET
GET Action: details
2025-10-31 19:27:30 - Requisição recebida: POST
POST Action: reject - Input: {"action":"reject","eventId":25,"reason":"teste"}
HandlePost - Action: reject, EventID: 25
Tentando rejeitar evento ID: 25 com motivo: teste
Atualizando rejeição para evento: 25
2025-10-31 19:28:10 - Requisição recebida: GET
GET Action: pending
SQL Pending: SELECT e.* FROM eventos e 
            LEFT JOIN aprovacao_eventos ae ON e.ID = ae.id_evento 
            WHERE ae.id IS NULL
2025-10-31 19:28:10 - Requisição recebida: GET
Eventos pendentes encontrados: 23
GET Action: approved
2025-10-31 19:28:10 - Requisição recebida: GET
GET Action: rejected
2025-10-31 19:28:12 - Requisição recebida: GET
GET Action: details
2025-10-31 19:28:16 - Requisição recebida: POST
POST Action: reject - Input: {"action":"reject","eventId":3,"reason":"teset"}
HandlePost - Action: reject, EventID: 3
Tentando rejeitar evento ID: 3 com motivo: teset
Atualizando rejeição para evento: 3
2025-10-31 19:28:46 - Requisição recebida: GET
GET Action: pending
SQL Pending: SELECT e.* FROM eventos e 
            LEFT JOIN aprovacao_eventos ae ON e.ID = ae.id_evento 
            WHERE ae.id IS NULL
2025-10-31 19:28:46 - Requisição recebida: GET
2025-10-31 19:28:46 - Requisição recebida: GET
Eventos pendentes encontrados: 23
GET Action: approved
2025-10-31 19:28:47 - Requisição recebida: GET
GET Action: details
2025-10-31 19:28:51 - Requisição recebida: POST
POST Action: reject - Input: {"action":"reject","eventId":3,"reason":"texte"}
HandlePost - Action: reject, EventID: 3
Tentando rejeitar evento ID: 3 com motivo: texte
Atualizando rejeição para evento: 3
2025-10-31 19:30:31 - Requisição recebida: GET
2025-10-31 19:30:31 - Requisição recebida: GET
2025-10-31 19:30:31 - Requisição recebida: GET
GET Action: rejected
GET Action: pending

SQL Pending: SELECT e.* FROM eventos e 
            LEFT JOIN aprovacao_eventos ae ON e.ID = ae.id_evento 
            WHERE ae.id IS NULL
Eventos pendentes encontrados: 23
2025-10-31 19:30:33 - Requisição recebida: GET
GET Action: details
2025-10-31 19:30:37 - Requisição recebida: POST
POST Action: reject - Input: {"action":"reject","eventId":3,"reason":"teste"}
HandlePost - Action: reject, EventID: 3
Tentando rejeitar evento ID: 3 com motivo: teste
Inserindo nova rejeição para evento: 3
Erro: No data supplied for parameters in prepared statement
2025-10-31 19:32:16 - Requisição recebida: GET
2025-10-31 19:32:16 - Requisição recebida: GET
2025-10-31 19:32:16 - Requisição recebida: GET
GET Action: approved
GET Action: rejected
SQL Pending: SELECT e.* FROM eventos e 
            LEFT JOIN aprovacao_eventos ae ON e.ID = ae.id_evento 
            WHERE ae.id IS NULL
Eventos pendentes encontrados: 23
2025-10-31 19:32:18 - Requisição recebida: GET
GET Action: details
2025-10-31 19:32:21 - Requisição recebida: POST
POST Action: reject - Input: {"action":"reject","eventId":25,"reason":"teste"}
HandlePost - Action: reject, EventID: 25
Tentando rejeitar evento ID: 25 com motivo: teste
Inserindo nova rejeição para evento: 25
2025-10-31 19:33:00 - Requisição recebida: GET
GET Action: approved
SQL Pending: SELECT e.* FROM eventos e 
            LEFT JOIN aprovacao_eventos ae ON e.ID = ae.id_evento 
            WHERE ae.id IS NULL
Eventos pendentes encontrados: 23
2025-10-31 19:33:02 - Requisição recebida: GET
GET Action: details
2025-10-31 19:33:09 - Requisição recebida: POST
POST Action: reject - Input: {"action":"reject","eventId":25,"reason":"tezudfxygsj"}
HandlePost - Action: reject, EventID: 25
Tentando rejeitar evento ID: 25 com motivo: tezudfxygsj
Atualizando rejeição para evento: 25
2025-10-31 19:34:06 - Requisição recebida: GET
GET Action: rejected
GET Action: approved
GET Action: pending
SQL Pending: SELECT e.* FROM eventos e 
            LEFT JOIN aprovacao_eventos ae ON e.ID = ae.id_evento 
            WHERE ae.id IS NULL
Eventos pendentes encontrados: 23
2025-10-31 19:34:09 - Requisição recebida: GET
GET Action: details
2025-10-31 19:34:11 - Requisição recebida: POST
POST Action: reject - Input: {"action":"reject","eventId":25,"reason":"dfdf"}
HandlePost - Action: reject, EventID: 25
Tentando rejeitar evento ID: 25 com motivo: dfdf
Atualizando rejeição para evento: 25
Evento rejeitado com sucesso: 25
Email de rejeição preparado para: organizador@evento.com com motivo: dfdf
2025-10-31 19:34:11 - Requisição recebida: GET
2025-10-31 19:34:11 - Requisição recebida: GET
GET Action: pending
SQL Pending: SELECT e.* FROM eventos e 
            LEFT JOIN aprovacao_eventos ae ON e.ID = ae.id_evento 
            WHERE ae.id IS NULL
GET Action: rejected
Eventos pendentes encontrados: 23
2025-10-31 19:34:28 - Requisição recebida: GET
2025-10-31 19:34:28 - Requisição recebida: GET
2025-10-31 19:34:28 - Requisição recebida: GET
GET Action: rejected
GET Action: approved
GET Action: pending
SQL Pending: SELECT e.* FROM eventos e 
            LEFT JOIN aprovacao_eventos ae ON e.ID = ae.id_evento 
            WHERE ae.id IS NULL
Eventos pendentes encontrados: 23
2025-10-31 19:34:59 - Requisição recebida: GET
2025-10-31 19:34:59 - Requisição recebida: GET
GET Action: pending
GET Action: rejected
SQL Pending: SELECT e.* FROM eventos e 
            LEFT JOIN aprovacao_eventos ae ON e.ID = ae.id_evento 
            WHERE ae.id IS NULL
Eventos pendentes encontrados: 23
GET Action: approved
2025-10-31 19:35:01 - Requisição recebida: GET
GET Action: details
2025-10-31 19:35:04 - Requisição recebida: POST
POST Action: reject - Input: {"action":"reject","eventId":25,"reason":"ggg"}
HandlePost - Action: reject, EventID: 25
Tentando rejeitar evento ID: 25 com motivo: ggg
Atualizando rejeição para evento: 25
Evento rejeitado com sucesso: 25
Email de rejeição preparado para: organizador@evento.com com motivo: ggg
2025-10-31 19:35:04 - Requisição recebida: GET
2025-10-31 19:35:04 - Requisição recebida: GET
GET Action: rejected
GET Action: pending
SQL Pending: SELECT e.* FROM eventos e 
            LEFT JOIN aprovacao_eventos ae ON e.ID = ae.id_evento 
            WHERE ae.id IS NULL
Eventos pendentes encontrados: 23
2025-10-31 19:35:49 - Requisição recebida: GET
2025-10-31 19:35:49 - Requisição recebida: GET
GET Action: pending
GET Action: approved
SQL Pending: SELECT e.* FROM eventos e 
            LEFT JOIN aprovacao_eventos ae ON e.ID = ae.id_evento 
            WHERE ae.id IS NULL
Eventos pendentes encontrados: 23
GET Action: rejected
2025-10-31 19:36:03 - Requisição recebida: GET
GET Action: details
2025-10-31 19:36:10 - Requisição recebida: POST
POST Action: reject - Input: {"action":"reject","eventId":25,"reason":"iiii"}
HandlePost - Action: reject, EventID: 25
Tentando rejeitar evento ID: 25 com motivo: iiii
Atualizando rejeição para evento: 25
Evento rejeitado com sucesso: 25
Email de rejeição preparado para: organizador@evento.com com motivo: iiii
2025-10-31 19:36:10 - Requisição recebida: GET
2025-10-31 19:36:10 - Requisição recebida: GET
GET Action: pending
SQL Pending: SELECT e.* FROM eventos e 
            LEFT JOIN aprovacao_eventos ae ON e.ID = ae.id_evento 
            WHERE ae.id IS NULL
GET Action: rejected
Eventos pendentes encontrados: 23
2025-10-31 19:38:32 - Requisição recebida: GET
2025-10-31 19:38:32 - Requisição recebida: GET
2025-10-31 19:38:32 - Requisição recebida: GET
GET Action: rejected
GET Action: pending
GET Action: approved
SQL Pending: SELECT e.* FROM eventos e 
            LEFT JOIN aprovacao_eventos ae ON e.ID = ae.id_evento 
            WHERE ae.id IS NULL
Eventos pendentes encontrados: 23
2025-10-31 19:38:38 - Requisição recebida: GET
GET Action: details
2025-10-31 19:38:43 - Requisição recebida: POST
POST Action: reject - Input: {"action":"reject","eventId":25,"reason":"teste"}
HandlePost - Action: reject, EventID: 25
Tentando rejeitar evento ID: 25 com motivo: teste
Atualizando rejeição para evento: 25
Evento rejeitado com sucesso: 25
Email de rejeição preparado para: organizador@evento.com com motivo: teste
2025-10-31 19:38:43 - Requisição recebida: GET
2025-10-31 19:38:43 - Requisição recebida: GET
GET Action: pending
SQL Pending: SELECT e.* FROM eventos e 
            LEFT JOIN aprovacao_eventos ae ON e.ID = ae.id_evento 
            WHERE ae.id IS NULL
GET Action: rejected
Eventos pendentes encontrados: 23
2025-10-31 19:39:32 - Requisição recebida: GET
GET Action: rejected
GET Action: approved
GET Action: pending
SQL Pending: SELECT e.* FROM eventos e 
            LEFT JOIN aprovacao_eventos ae ON e.ID = ae.id_evento 
            WHERE ae.id IS NULL
Eventos pendentes encontrados: 23
2025-10-31 19:39:36 - Requisição recebida: GET
GET Action: details
2025-10-31 19:39:40 - Requisição recebida: POST
POST Action: reject - Input: {"action":"reject","eventId":25,"reason":"teste"}
HandlePost - Action: reject, EventID: 25
Tentando rejeitar evento ID: 25 com motivo: teste
Atualizando rejeição para evento: 25
Evento rejeitado com sucesso: 25
Email de rejeição preparado para: organizador@evento.com com motivo: teste
2025-10-31 19:39:40 - Requisição recebida: GET
GET Action: rejected
SQL Pending: SELECT e.* FROM eventos e 
            LEFT JOIN aprovacao_eventos ae ON e.ID = ae.id_evento 
            WHERE ae.id IS NULL
Eventos pendentes encontrados: 23
2025-10-31 19:40:27 - Requisição recebida: GET
2025-10-31 19:40:27 - Requisição recebida: GET
GET Action: rejected
SQL Pending: SELECT e.* FROM eventos e 
            LEFT JOIN aprovacao_eventos ae ON e.ID = ae.id_evento 
            WHERE ae.id IS NULL
Eventos pendentes encontrados: 23
GET Action: approved
2025-10-31 19:40:30 - Requisição recebida: GET
GET Action: details
2025-10-31 19:40:33 - Requisição recebida: POST
POST Action: reject - Input: {"action":"reject","eventId":25,"reason":"teste"}
HandlePost - Action: reject, EventID: 25
Tentando rejeitar evento ID: 25 com motivo: teste
Atualizando rejeição para evento: 25
Evento rejeitado com sucesso: 25
Email de rejeição preparado para: organizador@evento.com com motivo: teste
2025-10-31 19:40:33 - Requisição recebida: GET
2025-10-31 19:40:33 - Requisição recebida: GET
GET Action: pending
GET Action: rejected
* FROM eventos e 
            LEFT JOIN aprovacao_eventos ae ON e.ID = ae.id_evento 
            WHERE ae.id IS NULL
Eventos pendentes encontrados: 23
2025-10-31 19:41:18 - Requisição recebida: GET
2025-10-31 19:41:18 - Requisição recebida: GET
GET Action: pending
GET Action: approved
SQL Pending: SELECT e.* FROM eventos e 
            LEFT JOIN aprovacao_eventos ae ON e.ID = ae.id_evento 
            WHERE ae.id IS NULL
Eventos pendentes encontrados: 23
2025-10-31 19:41:21 - Requisição recebida: GET
GET Action: details
2025-10-31 19:41:24 - Requisição recebida: POST
POST Action: reject - Input: {"action":"reject","eventId":25,"reason":"teste"}
HandlePost - Action: reject, EventID: 25
Tentando rejeitar evento ID: 25 com motivo: teste
Atualizando rejeição para evento: 25
Evento rejeitado com sucesso: 25
Email de rejeição preparado para: organizador@evento.com com motivo: teste
2025-10-31 19:41:24 - Requisição recebida: GET
2025-10-31 19:41:24 - Requisição recebida: GET
GET Action: pending
SQL Pending: SELECT e.* FROM eventos e 
            LEFT JOIN aprovacao_eventos ae ON e.ID = ae.id_evento 
            WHERE ae.id IS NULL
Eventos pendentes encontrados: 23
GET Action: rejected
2025-10-31 19:42:38 - Requisição recebida: GET
2025-10-31 19:42:38 - Requisição recebida: GET
2025-10-31 19:42:38 - Requisição recebida: GET
GET Action: rejected
GET Action: pending
SQL Pending: SELECT e.* FROM eventos e 
            LEFT JOIN aprovacao_eventos ae ON e.ID = ae.id_evento 
            WHERE ae.id IS NULL
Eventos pendentes encontrados: 23
GET Action: approved
2025-10-31 19:42:40 - Requisição recebida: GET
GET Action: details
2025-10-31 19:42:46 - Requisição recebida: POST
POST Action: reject - Input: {"action":"reject","eventId":24,"reason":"ts"}
HandlePost - Action: reject, EventID: 24
Tentando rejeitar evento ID: 24 com motivo: ts
Atualizando rejeição para evento: 24
Evento rejeitado com sucesso: 24
Email de rejeição preparado para: organizador@evento.com com motivo: ts
2025-10-31 19:42:46 - Requisição recebida: GET
GET Action: pending
SQL Pending: SELECT e.* FROM eventos e 
            LEFT JOIN aprovacao_eventos ae ON e.ID = ae.id_evento 
            WHERE ae.id IS NULL
2025-10-31 19:42:46 - Requisição recebida: GET
Eventos pendentes encontrados: 23
GET Action: rejected
2025-10-31 19:46:03 - Requisição recebida: GET
2025-10-31 19:46:03 - Requisição recebida: GET
2025-10-31 19:46:03 - Requisição recebida: GET
GET Action: pending
SQL Pending: SELECT e.* FROM eventos e 
            LEFT JOIN aprovacao_eventos ae ON e.ID = ae.id_evento 
            WHERE ae.id IS NULL
Eventos pendentes encontrados: 23
GET Action: rejected
GET Action: approved
2025-10-31 19:46:06 - Requisição recebida: GET
GET Action: details
2025-10-31 19:46:10 - Requisição recebida: POST
POST Action: reject - Input: {"action":"reject","eventId":25,"reason":"teste"}
HandlePost - Action: reject, EventID: 25
Tentando rejeitar evento ID: 25 com motivo: teste
Atualizando rejeição para evento: 25
2025-10-31 19:46:27 - Requisição recebida: GET
GET Action: details
2025-10-31 19:46:33 - Requisição recebida: POST
POST Action: reject - Input: {"action":"reject","eventId":25,"reason":"gese"}
HandlePost - Action: reject, EventID: 25
Tentando rejeitar evento ID: 25 com motivo: gese
Atualizando rejeição para evento: 25
2025-10-31 19:47:17 - Requisição recebida: GET
2025-10-31 19:47:17 - Requisição recebida: GET
GET Action: approved
GET Action: rejected
GET Action: pending
SQL Pending: SELECT e.* FROM eventos e 
            LEFT JOIN aprovacao_eventos ae ON e.ID = ae.id_evento 
            WHERE ae.id IS NULL
Eventos pendentes encontrados: 23
2025-10-31 19:47:20 - Requisição recebida: GET
GET Action: details
2025-10-31 19:47:23 - Requisição recebida: POST
POST Action: reject - Input: {"action":"reject","eventId":25,"reason":"teste"}
HandlePost - Action: reject, EventID: 25
Tentando rejeitar evento ID: 25 com motivo: teste
Atualizando rejeição para evento: 25
2025-10-31 19:48:59 - Requisição recebida: GET
2025-10-31 19:48:59 - Requisição recebida: GET
2025-10-31 19:48:59 - Requisição recebida: GET
GET Action: approved
GET Action: pending
SQL Pending: SELECT e.* FROM eventos e 
            LEFT JOIN aprovacao_eventos ae ON e.ID = ae.id_evento 
            WHERE ae.id IS NULL
Eventos pendentes encontrados: 23
2025-10-31 19:49:01 - Requisição recebida: POST
POST Action: approve - Input: {"action":"approve","eventId":25}
HandlePost - Action: approve, EventID: 25
Tentando aprovar evento ID: 25
Inserindo nova aprovação para evento: 25
Evento aprovado com sucesso: 25
Email de aprovação preparado para: organizador@evento.com
2025-10-31 19:49:01 - Requisição recebida: GET
2025-10-31 19:49:01 - Requisição recebida: GET
GET Action: approved
SQL Pending: SELECT e.* FROM eventos e 
            LEFT JOIN aprovacao_eventos ae ON e.ID = ae.id_evento 
            WHERE ae.id IS NULL
Eventos pendentes encontrados: 22
2025-10-31 19:49:09 - Requisição recebida: POST
POST Action: approve - Input: {"action":"approve","eventId":24}
HandlePost - Action: approve, EventID: 24
Tentando aprovar evento ID: 24
Inserindo nova aprovação para evento: 24
Evento aprovado com sucesso: 24
Email de aprovação preparado para: organizador@evento.com
2025-10-31 19:49:09 - Requisição recebida: GET
2025-10-31 19:49:09 - Requisição recebida: GET
GET Action: pending
SQL Pending: SELECT e.* FROM eventos e 
            LEFT JOIN aprovacao_eventos ae ON e.ID = ae.id_evento 
            WHERE ae.id IS NULL
GET Action: approved
Eventos pendentes encontrados: 21
2025-10-31 19:50:28 - Requisição recebida: GET
2025-10-31 19:50:28 - Requisição recebida: GET
2025-10-31 19:50:28 - Requisição recebida: GET
GET Action: rejected
GET Action: pending
GET Action: approved
SQL Pending: SELECT e.* FROM eventos e 
            LEFT JOIN aprovacao_eventos ae ON e.ID = ae.id_evento 
            WHERE ae.id IS NULL
Eventos pendentes encontrados: 21
2025-10-31 19:50:31 - Requisição recebida: POST
POST Action: approve - Input: {"action":"approve","eventId":23}
HandlePost - Action: approve, EventID: 23
Tentando aprovar evento ID: 23
Inserindo nova aprovação para evento: 23
Evento aprovado com sucesso: 23
Email de aprovação preparado para: organizador@evento.com
2025-10-31 19:50:31 - Requisição recebida: GET
2025-10-31 19:50:31 - Requisição recebida: GET
GET Action: approved
SQL Pending: SELECT e.* FROM eventos e 
            LEFT JOIN aprovacao_eventos ae ON e.ID = ae.id_evento 
            WHERE ae.id IS NULL
Eventos pendentes encontrados: 20
2025-10-31 19:50:37 - Requisição recebida: GET
GET Action: details
2025-10-31 19:50:41 - Requisição recebida: POST
POST Action: reject - Input: {"action":"reject","eventId":22,"reason":"twse"}
HandlePost - Action: reject, EventID: 22
Inserindo nova aprovação para evento: 22
Evento rejeitado com sucesso: 22
Erro: Commands out of sync; you can't run this command now
2025-10-31 19:50:57 - Requisição recebida: GET
GET Action: details
2025-10-31 19:51:04 - Requisição recebida: POST
POST Action: reject - Input: {"action":"reject","eventId":22,"reason":"teste"}
HandlePost - Action: reject, EventID: 22
Inserindo nova aprovação para evento: 22
Evento rejeitado com sucesso: 22
Erro: Commands out of sync; you can't run this command now
2025-10-31 19:52:01 - Requisição recebida: GET
2025-10-31 19:52:01 - Requisição recebida: GET
GET Action: pending
SQL Pending: SELECT e.* FROM eventos e 
            LEFT JOIN aprovacao_eventos ae ON e.ID = ae.id_evento 
            WHERE ae.id IS NULL
GET Action: approved
Eventos pendentes encontrados: 20
2025-10-31 19:52:03 - Requisição recebida: GET
GET Action: details
2025-10-31 19:52:06 - Requisição recebida: POST
POST Action: reject - Input: {"action":"reject","eventId":22,"reason":"teste"}
HandlePost - Action: reject, EventID: 22
Inserindo nova aprovação para evento: 22
Evento rejeitado com sucesso: 22
Email de rejeição preparado para: organizador@evento.com com motivo: teste
2025-10-31 19:52:06 - Requisição recebida: GET
2025-10-31 19:52:06 - Requisição recebida: GET
GET Action: rejected
GET Action: pending
SQL Pending: SELECT e.* FROM eventos e 
            LEFT JOIN aprovacao_eventos ae ON e.ID = ae.id_evento 
            WHERE ae.id IS NULL
Eventos pendentes encontrados: 19
2025-10-31 19:53:43 - Requisição recebida: GET
GET Action: pending
SQL Pending: SELECT e.* FROM eventos e 
            LEFT JOIN aprovacao_eventos ae ON e.ID = ae.id_evento 
            WHERE ae.id IS NULL
2025-10-31 19:53:43 - Requisição recebida: GET
2025-10-31 19:53:43 - Requisição recebida: GET
Eventos pendentes encontrados: 19
GET Action: approved
GET Action: rejected
2025-10-31 19:59:26 - Requisição recebida: GET
2025-10-31 19:59:26 - Requisição recebida: GET
2025-10-31 19:59:26 - Requisição recebida: GET
GET Action: approved
GET Action: rejected
GET Action: pending
SQL Pending: SELECT e.* FROM eventos e 
            LEFT JOIN aprovacao_eventos ae ON e.ID = ae.id_evento 
            WHERE ae.id IS NULL
Eventos pendentes encontrados: 19
2025-10-31 19:59:44 - Requisição recebida: POST
POST Action: restore - Input: {"action":"restore"}
HandlePost - Action: restore, EventID: 0
2025-10-31 19:59:49 - Requisição recebida: POST
POST Action: undo_approval - Input: {"action":"undo_approval"}
HandlePost - Action: undo_approval, EventID: 0
2025-10-31 20:01:01 - Requisição recebida: GET
GET Action: details
2025-10-31 20:01:11 - Requisição recebida: POST
POST Action: approve - Input: {"action":"approve","eventId":21}
HandlePost - Action: approve, EventID: 21
Tentando aprovar evento ID: 21
Inserindo nova aprovação para evento: 21
Evento aprovado com sucesso: 21
Email de aprovação preparado para: organizador@evento.com
2025-10-31 20:01:11 - Requisição recebida: GET
GET Action: approved
GET Action: pending
SQL Pending: SELECT e.* FROM eventos e 
            LEFT JOIN aprovacao_eventos ae ON e.ID = ae.id_evento 
            WHERE ae.id IS NULL
Eventos pendentes encontrados: 18
2025-10-31 20:01:14 - Requisição recebida: GET
GET Action: details
2025-10-31 20:01:46 - Requisição recebida: POST
POST Action: approve - Input: {"action":"approve","eventId":20}
HandlePost - Action: approve, EventID: 20
Tentando aprovar evento ID: 20
Inserindo nova aprovação para evento: 20
Evento aprovado com sucesso: 20
Email de aprovação preparado para: organizador@evento.com
2025-10-31 20:01:46 - Requisição recebida: GET
2025-10-31 20:01:46 - Requisição recebida: GET
GET Action: pending
SQL Pending: SELECT e.* FROM eventos e 
            LEFT JOIN aprovacao_eventos ae ON e.ID = ae.id_evento 
            WHERE ae.id IS NULL
GET Action: approved
Eventos pendentes encontrados: 17
2025-10-31 20:01:51 - Requisição recebida: POST
POST Action: undo_approval - Input: {"action":"undo_approval"}
HandlePost - Action: undo_approval, EventID: 0
2025-10-31 20:01:58 - Requisição recebida: POST
POST Action: undo_approval - Input: {"action":"undo_approval"}
HandlePost - Action: undo_approval, EventID: 0
2025-11-04 23:02:00 - Requisição recebida: GET
2025-11-04 23:02:00 - Requisição recebida: GET
GET Action: rejected
GET Action: pending
SQL Pending: SELECT e.* FROM eventos e 
            LEFT JOIN aprovacao_eventos ae ON e.ID = ae.id_evento 
            WHERE ae.id IS NULL
Eventos pendentes encontrados: 20
2025-11-04 23:02:03 - Requisição recebida: GET
GET Action: details
2025-11-04 23:02:07 - Requisição recebida: POST
POST Action: reject - Input: {"action":"reject","eventId":28,"reason":"teste"}
HandlePost - Action: reject, EventID: 28
Inserindo nova aprovação para evento: 28
Evento rejeitado com sucesso: 28
Email de rejeição preparado para: organizador@evento.com com motivo: teste
2025-11-04 23:02:08 - Requisição recebida: GET
2025-11-04 23:02:08 - Requisição recebida: GET
GET Action: pending
SQL Pending: SELECT e.* FROM eventos e 
            LEFT JOIN aprovacao_eventos ae ON e.ID = ae.id_evento 
            WHERE ae.id IS NULL
Eventos pendentes encontrados: 19
GET Action: rejected
2025-11-05 21:06:33 - Requisição recebida: GET
GET Action: pending

GET Action: rejected
SQL Pending: SELECT e.* FROM eventos e 
            LEFT JOIN aprovacao_eventos ae ON e.ID = ae.id_evento 
            WHERE ae.id IS NULL
Eventos pendentes encontrados: 19
2025-11-05 21:20:46 - Requisição recebida: GET
2025-11-05 21:20:46 - Requisição recebida: GET
2025-11-05 21:20:46 - Requisição recebida: GET
GET Action: rejected
GET Action: pending
GET Action: approved
SQL Pending: SELECT e.* FROM eventos e 
            LEFT JOIN aprovacao_eventos ae ON e.ID = ae.id_evento 
            WHERE ae.id IS NULL
Eventos pendentes encontrados: 19
2025-11-05 21:20:53 - Requisição recebida: POST
POST Action: approve - Input: {"action":"approve","eventId":26}
HandlePost - Action: approve, EventID: 26
Tentando aprovar evento ID: 26
Inserindo nova aprovação para evento: 26
Evento aprovado com sucesso: 26
Email de aprovação preparado para: organizador@evento.com
2025-11-05 21:20:53 - Requisição recebida: GET
2025-11-05 21:20:53 - Requisição recebida: GET
GET Action: approved
GET Action: pending
SQL Pending: SELECT e.* FROM eventos e 
            LEFT JOIN aprovacao_eventos ae ON e.ID = ae.id_evento 
            WHERE ae.id IS NULL
Eventos pendentes encontrados: 18
2025-11-05 21:21:25 - Requisição recebida: POST
POST Action: approve - Input: {"action":"approve","eventId":19}
HandlePost - Action: approve, EventID: 19
Tentando aprovar evento ID: 19
Inserindo nova aprovação para evento: 19
Evento aprovado com sucesso: 19
Email de aprovação preparado para: organizador@evento.com
2025-11-05 21:21:25 - Requisição recebida: GET
GET Action: approved
GET Action: pending
SQL Pending: SELECT e.* FROM eventos e 
            LEFT JOIN aprovacao_eventos ae ON e.ID = ae.id_evento 
            WHERE ae.id IS NULL
Eventos pendentes encontrados: 17
2025-11-08 00:05:11 - Requisição recebida: GET
GET Action: approved
GET Action: pending
GET Action: rejected
SQL Pending: SELECT e.* FROM eventos e 
            LEFT JOIN aprovacao_eventos ae ON e.ID = ae.id_evento 
            WHERE ae.id IS NULL
Eventos pendentes encontrados: 17
2025-11-10 18:15:28 - Requisição recebida: GET
GET Action: pending
2025-11-10 18:15:28 - Requisição recebida: GET
SQL Pending: SELECT e.* FROM eventos e 
            LEFT JOIN aprovacao_eventos ae ON e.ID = ae.id_evento 
            WHERE ae.id IS NULL
2025-11-10 18:15:28 - Requisição recebida: GET
Eventos pendentes encontrados: 3
GET Action: rejected
2025-11-10 18:17:31 - Requisição recebida: GET
2025-11-10 18:17:31 - Requisição recebida: GET
2025-11-10 18:17:31 - Requisição recebida: GET
GET Action: rejected
GET Action: approved
GET Action: pending
SQL Pending: SELECT e.* FROM eventos e 
            LEFT JOIN aprovacao_eventos ae ON e.ID = ae.id_evento 
            WHERE ae.id IS NULL
Eventos pendentes encontrados: 3
2025-11-10 18:30:15 - Requisição recebida: GET
2025-11-10 18:30:15 - Requisição recebida: GET
2025-11-10 18:30:15 - Requisição recebida: GET
GET Action: approved
GET Action: pending
SQL Pending: SELECT e.* FROM eventos e 
            LEFT JOIN aprovacao_eventos ae ON e.ID = ae.id_evento 
            WHERE ae.id IS NULL
Eventos pendentes encontrados: 3
GET Action: rejected
2025-11-10 18:55:00 - Requisição recebida: POST
POST Action: approve - Input: {"action":"approve","eventId":4}
HandlePost - Action: approve, EventID: 4
Tentando aprovar evento ID: 4
Inserindo nova aprovação para evento: 4
Evento aprovado com sucesso: 4
Email de aprovação preparado para: organizador@evento.com
2025-11-10 18:55:02 - Requisição recebida: POST
POST Action: approve - Input: {"action":"approve","eventId":4}
HandlePost - Action: approve, EventID: 4
Tentando aprovar evento ID: 4
Atualizando aprovação para evento: 4
Evento aprovado com sucesso: 4
Email de aprovação preparado para: organizador@evento.com
2025-11-10 18:55:03 - Requisição recebida: POST
POST Action: approve - Input: {"action":"approve","eventId":4}
HandlePost - Action: approve, EventID: 4
Tentando aprovar evento ID: 4
Atualizando aprovação para evento: 4
Evento aprovado com sucesso: 4
Email de aprovação preparado para: organizador@evento.com
2025-11-10 18:56:02 - Requisição recebida: GET
2025-11-10 18:56:02 - Requisição recebida: GET
GET Action: pending
 Requisição recebida: GET
SQL Pending: SELECT e.* FROM eventos e 
            LEFT JOIN aprovacao_eventos ae ON e.ID = ae.id_evento 
            WHERE ae.id IS NULL
Eventos pendentes encontrados: 2
GET Action: approved
GET Action: rejected
